


ARM Macro Assembler    Page 1 


    1 00000000                 AREA             codigo, CODE, READONLY
    2 00000000                 PRESERVE8
    3 00000000                 EXPORT           conecta_K_buscar_alineamiento_a
rm
    4 00000000         
    5 00000000         conecta_K_buscar_alineamiento_arm
    6 00000000 E1A0C00D        mov              ip, sp
    7 00000004 E92D4830        stmdb            r13!, {r4-r5, fp, lr}
    8 00000008 E24CB004        sub              fp, ip, #4
    9 0000000C         
   10 0000000C         ; Comprobamos si la fila es válida
   11 0000000C E3510001        cmp              r1, #1
   12 00000010 BA000017        blt              fin         ; si fila < 1
   13 00000014 E3510006        cmp              r1, #6
   14 00000018 CA000015        bgt              fin         ; si fila > 6
   15 0000001C         
   16 0000001C         ; Comprobamos si la columna es válida
   17 0000001C E3520001        cmp              r2, #1
   18 00000020 BA000013        blt              fin         ; si columna < 1
   19 00000024 E3520007        cmp              r2, #7
   20 00000028 CA000011        bgt              fin         ; si columna > 7
   21 0000002C         
   22 0000002C         ; Si la celda se encuentra en el tablero, obtenemos su v
                       alor
   23 0000002C E0804181        add              r4, r0, r1, LSL #3
   24 00000030 E7D44002        ldrb             r4, [r4, r2] ; r4 - cuadricula[
                                                            fila][columna] 
   25 00000034         
   26 00000034         ; Comprobamos si la celda es vacía
   27 00000034 E2045004        and              r5, r4, #4
   28 00000038 E3550000        cmp              r5, #0
   29 0000003C 0A00000C        beq              fin         ; Si celda es vacía
                                                            
   30 00000040         
   31 00000040         ; Comprobamos si el color de la celda es el color de la 
                       l?nea que estamos comprobando
   32 00000040 E2044003        and              r4, r4, #3
   33 00000044 E1540003        cmp              r4, r3
   34 00000048 1A000009        bne              fin         ; Si los colores no
                                                             coinciden
   35 0000004C         
   36 0000004C         ; Preparamos los parámetros para llamar a la funci?n
   37 0000004C E1DB40D4        ldrsb            r4, [fp, #4] ; r4 - deltas_fila
                                                            [i]
   38 00000050 E0811004        add              r1, r1, r4  ; r1 - fila + delta
                                                            s_fila[i]
   39 00000054 E1DB50D8        ldrsb            r5, [fp, #8] ; r5 - deltas_colu
                                                            mna[i]
   40 00000058 E0822005        add              r2, r2, r5  ; r2 - columna + de
                                                            ltas_columna[i]
   41 0000005C E92D0030        stmdb            r13!, {r4-r5} ; Se apilan los d
                                                            eltas para la sigui
                                                            ente llamada recurs
                                                            iva
   42 00000060 EBFFFFFE        bl               conecta_K_buscar_alineamiento_a
rm
   43 00000064 E28DD008        add              sp, sp, #8
   44 00000068 E2800001        add              r0, r0, #1  ; r0 - r0 + 1 (retu
                                                            rn 1 + resultado fu



ARM Macro Assembler    Page 2 


                                                            nci?n)
   45 0000006C E8BD4830        ldmia            r13!, {r4-r5, fp, lr}
   46 00000070 E12FFF1E        bx               r14
   47 00000074         fin
   48 00000074 E3A00000        mov              r0, #0      ; r0 - 0 (return 0)
                                                            
   49 00000078 E8BD4830        ldmia            r13!, {r4-r5, fp, lr}
   50 0000007C E12FFF1E        bx               r14
   51 00000080         END
                       
Command Line: --debug --xref --diag_suppress=9931 --apcs=interwork --depend=.\o
bjects\conecta_k_buscar_alineamiento_arm.d -o.\objects\conecta_k_buscar_alineam
iento_arm.o -IC:\Keil_v5\ARM\RV31\INC -IC:\Keil_v5\ARM\CMSIS\Include -IC:\Keil_
v5\ARM\INC\Philips --predefine="__EVAL SETA 1" --predefine="__UVISION_VERSION S
ETA 526" --list=.\listings\conecta_k_buscar_alineamiento_arm.lst conecta_K_busc
ar_alineamiento_arm.s



ARM Macro Assembler    Page 1 Alphabetic symbol ordering
Relocatable symbols

END 00000080

Symbol: END
   Definitions
      At line 51 in file conecta_K_buscar_alineamiento_arm.s
   Uses
      None
Comment: END unused
codigo 00000000

Symbol: codigo
   Definitions
      At line 1 in file conecta_K_buscar_alineamiento_arm.s
   Uses
      None
Comment: codigo unused
conecta_K_buscar_alineamiento_arm 00000000

Symbol: conecta_K_buscar_alineamiento_arm
   Definitions
      At line 5 in file conecta_K_buscar_alineamiento_arm.s
   Uses
      At line 3 in file conecta_K_buscar_alineamiento_arm.s
      At line 42 in file conecta_K_buscar_alineamiento_arm.s

fin 00000074

Symbol: fin
   Definitions
      At line 47 in file conecta_K_buscar_alineamiento_arm.s
   Uses
      At line 12 in file conecta_K_buscar_alineamiento_arm.s
      At line 14 in file conecta_K_buscar_alineamiento_arm.s
      At line 18 in file conecta_K_buscar_alineamiento_arm.s
      At line 20 in file conecta_K_buscar_alineamiento_arm.s
      At line 29 in file conecta_K_buscar_alineamiento_arm.s
      At line 34 in file conecta_K_buscar_alineamiento_arm.s

4 symbols
336 symbols in table
