


ARM Macro Assembler    Page 1 


    1 00000000                 AREA             codigo, CODE, READONLY
    2 00000000                 PRESERVE8
    3 00000000                 EXPORT           conecta_K_buscar_alineamiento_a
rm_opt
    4 00000000         
    5 00000000         conecta_K_buscar_alineamiento_arm_opt
    6 00000000 E1A0C00D        mov              ip, sp
    7 00000004 E92D4BF0        stmdb            r13!, {r4-r9, fp, lr}
    8 00000008 E24CB004        sub              fp, ip, #4
    9 0000000C         ; comprobamos si la fila es válida
   10 0000000C E1DB40D4        ldrsb            r4, [fp, #4] ; r4  deltas_fila[
                                                            i]
   11 00000010 E1DB50D8        ldrsb            r5, [fp, #8] ; r5  deltas_colum
                                                            na[i]
   12 00000014 E3A09000        mov              r9, #0      ; r9  long_linea = 
                                                            0
   13 00000018         bucle_ini
   14 00000018 E3A08000        mov              r8,#0       ; inicializamos r8 
                                                            a 0 (contador)
   15 0000001C E3510000        cmp              r1, #0
   16 00000020 BA000019        blt              fin         ; si fila < 0
   17 00000024 E3510007        cmp              r1, #7
   18 00000028 AA000017        bge              fin         ; si fila >= 7
   19 0000002C         ; comprobamos si la columna es válida
   20 0000002C E3520000        cmp              r2, #0
   21 00000030 BA000015        blt              fin         ; si columna < 0
   22 00000034 E3520007        cmp              r2, #7
   23 00000038 AA000013        bge              fin         ; si columna >= 7
   24 0000003C         bucle
   25 0000003C         ; si la celda se encuentra en el tablero, obtenemos su v
                       alor
   26 0000003C E3580006        cmp              r8,#6
   27 00000040 0A000011        beq              fin
   28 00000044 E0816081        add              r6,r1,r1,LSL #1
   29 00000048 E0807086        add              r7,r0,r6,LSL #1
   30 0000004C E7D77008        ldrb             r7,[r7,r8]
   31 00000050 E2888001        add              r8,r8,#1    ;cont++
   32 00000054         ; comprobamos si está la celda
   33 00000054 E1570002        cmp              r7,r2
   34 00000058 1AFFFFF7        bne              bucle
   35 0000005C E2488001        sub              r8,r8,#1    ; cont-- para recup
                                                            erar el valor corre
                                                            cto
   36 00000060 E0816081        add              r6,r1,r1,LSL #1
   37 00000064 E280702A        add              r7,r0,#0x0000002A ;buscar en la
                                                             parte de abajo del
                                                             tablero (dnde se i
                                                            ndexan los colores)
                                                            
   38 00000068 E0877086        add              r7,r7,r6,LSL #1
   39 0000006C E7D77008        ldrb             r7,[r7,r8]  ; valor del color
   40 00000070 E2077003        and              r7,r7,#0x03
   41 00000074 E1570003        cmp              r7,r3       ;comparamos el colo
                                                            r con el parametro
   42 00000078 1A000003        bne              fin
   43 0000007C E2899001        add              r9,r9,#1    ;long_linea++
   44 00000080 E0811004        add              r1, r1, r4  ; r1 - fila + delta
                                                            s_fila[i]
   45 00000084 E0822005        add              r2, r2, r5  ; r2 - columna + de



ARM Macro Assembler    Page 2 


                                                            ltas_columna[i]
   46 00000088 EAFFFFE2        b                bucle_ini
   47 0000008C         fin
   48 0000008C E1A00009        mov              r0, r9      ; r0 - 0 (return 0)
                                                            
   49 00000090 E8BD4BF0        ldmia            r13!, {r4-r9, fp, lr}
   50 00000094 E12FFF1E        bx               r14
   51 00000098                 END
Command Line: --debug --xref --diag_suppress=9931 --apcs=interwork --depend=.\o
bjects\conecta_k_buscar_alineamiento_arm_opt.d -o.\objects\conecta_k_buscar_ali
neamiento_arm_opt.o -IC:\Keil_v5\ARM\RV31\INC -IC:\Keil_v5\ARM\CMSIS\Include -I
C:\Keil_v5\ARM\INC\Philips --predefine="__EVAL SETA 1" --predefine="__UVISION_V
ERSION SETA 526" --list=.\listings\conecta_k_buscar_alineamiento_arm_opt.lst co
necta_K_buscar_alineamiento_arm_opt.s



ARM Macro Assembler    Page 1 Alphabetic symbol ordering
Relocatable symbols

bucle 0000003C

Symbol: bucle
   Definitions
      At line 24 in file conecta_K_buscar_alineamiento_arm_opt.s
   Uses
      At line 34 in file conecta_K_buscar_alineamiento_arm_opt.s
Comment: bucle used once
bucle_ini 00000018

Symbol: bucle_ini
   Definitions
      At line 13 in file conecta_K_buscar_alineamiento_arm_opt.s
   Uses
      At line 46 in file conecta_K_buscar_alineamiento_arm_opt.s
Comment: bucle_ini used once
codigo 00000000

Symbol: codigo
   Definitions
      At line 1 in file conecta_K_buscar_alineamiento_arm_opt.s
   Uses
      None
Comment: codigo unused
conecta_K_buscar_alineamiento_arm_opt 00000000

Symbol: conecta_K_buscar_alineamiento_arm_opt
   Definitions
      At line 5 in file conecta_K_buscar_alineamiento_arm_opt.s
   Uses
      At line 3 in file conecta_K_buscar_alineamiento_arm_opt.s
Comment: conecta_K_buscar_alineamiento_arm_opt used once
fin 0000008C

Symbol: fin
   Definitions
      At line 47 in file conecta_K_buscar_alineamiento_arm_opt.s
   Uses
      At line 16 in file conecta_K_buscar_alineamiento_arm_opt.s
      At line 18 in file conecta_K_buscar_alineamiento_arm_opt.s
      At line 21 in file conecta_K_buscar_alineamiento_arm_opt.s
      At line 23 in file conecta_K_buscar_alineamiento_arm_opt.s
      At line 27 in file conecta_K_buscar_alineamiento_arm_opt.s
      At line 42 in file conecta_K_buscar_alineamiento_arm_opt.s

5 symbols
337 symbols in table
